# JRE version: OpenJDK Runtime Environment (17.0.11) (build 17.0.11+0--11852314)
# Java VM: OpenJDK 64-Bit Server VM (17.0.11+0--11852314, mixed mode, tiered, compressed oops, compressed class ptrs, g1 gc, windows-amd64)
GC Precious Log:
 CPUs: 8 total, 8 available
 Memory: 16151M
 Large Page Support: Disabled
 NUMA Support: Disabled
 Compressed Oops: Enabled (32-bit)
 Heap Region Size: 1M
 Heap Min Capacity: 8M
 Heap Initial Capacity: 254M
 Heap Max Capacity: 2G
 Pre-touch: Disabled
 Parallel Workers: 8
 Concurrent Workers: 2
 Concurrent Refinement Workers: 8
 Periodic GC: Disabled
Heap:
 garbage-first heap   total 436224K, used 246460K [0x0000000080000000, 0x0000000100000000)
  region size 1024K, 10 young (10240K), 10 survivors (10240K)
 Metaspace       used 117741K, committed 118592K, reserved 1179648K
  class space    used 15998K, committed 16384K, reserved 1048576K
GC Heap History (20 events):
Event: 15.126 GC heap after
{Heap after GC invocations=39 (full 5):
 garbage-first heap   total 171008K, used 90764K [0x0000000080000000, 0x0000000100000000)
  region size 1024K, 0 young (0K), 0 survivors (0K)
 Metaspace       used 100136K, committed 100864K, reserved 1179648K
  class space    used 14007K, committed 14336K, reserved 1048576K
}
Event: 15.316 GC heap before
{Heap before GC invocations=39 (full 5):
 garbage-first heap   total 171008K, used 90764K [0x0000000080000000, 0x0000000100000000)
  region size 1024K, 1 young (1024K), 0 survivors (0K)
 Metaspace       used 100136K, committed 100864K, reserved 1179648K
  class space    used 14007K, committed 14336K, reserved 1048576K
}
Event: 15.364 GC heap after
{Heap after GC invocations=40 (full 6):
 garbage-first heap   total 171008K, used 90768K [0x0000000080000000, 0x0000000100000000)
  region size 1024K, 0 young (0K), 0 survivors (0K)
 Metaspace       used 100136K, committed 100864K, reserved 1179648K
  class space    used 14007K, committed 14336K, reserved 1048576K
}
Event: 16.036 GC heap before
{Heap before GC invocations=40 (full 6):
 garbage-first heap   total 171008K, used 139920K [0x0000000080000000, 0x0000000100000000)
  region size 1024K, 48 young (49152K), 0 survivors (0K)
 Metaspace       used 101363K, committed 102080K, reserved 1179648K
  class space    used 14183K, committed 14528K, reserved 1048576K
}
Event: 16.043 GC heap after
{Heap after GC invocations=41 (full 6):
 garbage-first heap   total 436224K, used 96348K [0x0000000080000000, 0x0000000100000000)
  region size 1024K, 6 young (6144K), 6 survivors (6144K)
 Metaspace       used 101363K, committed 102080K, reserved 1179648K
  class space    used 14183K, committed 14528K, reserved 1048576K
}
Event: 19.225 GC heap before
{Heap before GC invocations=41 (full 6):
 garbage-first heap   total 436224K, used 350300K [0x0000000080000000, 0x0000000100000000)
  region size 1024K, 242 young (247808K), 6 survivors (6144K)
 Metaspace       used 110807K, committed 111616K, reserved 1179648K
  class space    used 15100K, committed 15488K, reserved 1048576K
}
Event: 19.246 GC heap after
{Heap after GC invocations=42 (full 6):
 garbage-first heap   total 436224K, used 102532K [0x0000000080000000, 0x0000000100000000)
  region size 1024K, 12 young (12288K), 12 survivors (12288K)
 Metaspace       used 110807K, committed 111616K, reserved 1179648K
  class space    used 15100K, committed 15488K, reserved 1048576K
}
Event: 20.747 GC heap before
{Heap before GC invocations=42 (full 6):
 garbage-first heap   total 436224K, used 292996K [0x0000000080000000, 0x0000000100000000)
  region size 1024K, 150 young (153600K), 12 survivors (12288K)
 Metaspace       used 113963K, committed 114816K, reserved 1179648K
  class space    used 15470K, committed 15872K, reserved 1048576K
}
Event: 20.757 GC heap after
{Heap after GC invocations=43 (full 6):
 garbage-first heap   total 436224K, used 161329K [0x0000000080000000, 0x0000000100000000)
  region size 1024K, 19 young (19456K), 19 survivors (19456K)
 Metaspace       used 113963K, committed 114816K, reserved 1179648K
  class space    used 15470K, committed 15872K, reserved 1048576K
}
Event: 21.392 GC heap before
{Heap before GC invocations=43 (full 6):
 garbage-first heap   total 436224K, used 262705K [0x0000000080000000, 0x0000000100000000)
  region size 1024K, 78 young (79872K), 19 survivors (19456K)
 Metaspace       used 117389K, committed 118208K, reserved 1179648K
  class space    used 15956K, committed 16320K, reserved 1048576K
}
Event: 21.405 GC heap after
{Heap after GC invocations=44 (full 6):
 garbage-first heap   total 436224K, used 199468K [0x0000000080000000, 0x0000000100000000)
  region size 1024K, 19 young (19456K), 19 survivors (19456K)
 Metaspace       used 117389K, committed 118208K, reserved 1179648K
  class space    used 15956K, committed 16320K, reserved 1048576K
}
Event: 21.449 GC heap before
{Heap before GC invocations=44 (full 6):
 garbage-first heap   total 436224K, used 277292K [0x0000000080000000, 0x0000000100000000)
  region size 1024K, 31 young (31744K), 19 survivors (19456K)
 Metaspace       used 117410K, committed 118208K, reserved 1179648K
  class space    used 15956K, committed 16320K, reserved 1048576K
}
Event: 21.460 GC heap after
{Heap after GC invocations=45 (full 6):
 garbage-first heap   total 436224K, used 224659K [0x0000000080000000, 0x0000000100000000)
  region size 1024K, 13 young (13312K), 13 survivors (13312K)
 Metaspace       used 117410K, committed 118208K, reserved 1179648K
  class space    used 15956K, committed 16320K, reserved 1048576K
}
Event: 21.484 GC heap before
{Heap before GC invocations=45 (full 6):
 garbage-first heap   total 436224K, used 240019K [0x0000000080000000, 0x0000000100000000)
  region size 1024K, 16 young (16384K), 13 survivors (13312K)
 Metaspace       used 117410K, committed 118208K, reserved 1179648K
  class space    used 15956K, committed 16320K, reserved 1048576K
}
Event: 21.489 GC heap after
{Heap after GC invocations=46 (full 6):
 garbage-first heap   total 436224K, used 230397K [0x0000000080000000, 0x0000000100000000)
  region size 1024K, 7 young (7168K), 7 survivors (7168K)
 Metaspace       used 117410K, committed 118208K, reserved 1179648K
  class space    used 15956K, committed 16320K, reserved 1048576K
}
Event: 21.492 GC heap before
{Heap before GC invocations=46 (full 6):
 garbage-first heap   total 436224K, used 233469K [0x0000000080000000, 0x0000000100000000)
  region size 1024K, 9 young (9216K), 7 survivors (7168K)
 Metaspace       used 117410K, committed 118208K, reserved 1179648K
  class space    used 15956K, committed 16320K, reserved 1048576K
}
Event: 21.494 GC heap after
{Heap after GC invocations=47 (full 6):
 garbage-first heap   total 436224K, used 229273K [0x0000000080000000, 0x0000000100000000)
  region size 1024K, 7 young (7168K), 7 survivors (7168K)
 Metaspace       used 117410K, committed 118208K, reserved 1179648K
  class space    used 15956K, committed 16320K, reserved 1048576K
}
Event: 21.497 GC heap before
{Heap before GC invocations=47 (full 6):
 garbage-first heap   total 436224K, used 240537K [0x0000000080000000, 0x0000000100000000)
  region size 1024K, 8 young (8192K), 7 survivors (7168K)
 Metaspace       used 117410K, committed 118208K, reserved 1179648K
  class space    used 15956K, committed 16320K, reserved 1048576K
}
Event: 21.499 GC heap after
{Heap after GC invocations=48 (full 6):
 garbage-first heap   total 436224K, used 237138K [0x0000000080000000, 0x0000000100000000)
  region size 1024K, 6 young (6144K), 6 survivors (6144K)
 Metaspace       used 117410K, committed 118208K, reserved 1179648K
  class space    used 15956K, committed 16320K, reserved 1048576K
}
Event: 21.810 GC heap before
{Heap before GC invocations=48 (full 6):
 garbage-first heap   total 436224K, used 278098K [0x0000000080000000, 0x0000000100000000)
  region size 1024K, 45 young (46080K), 6 survivors (6144K)
 Metaspace       used 117741K, committed 118592K, reserved 1179648K
  class space    used 15998K, committed 16384K, reserved 1048576K
}

