# JRE version: OpenJDK Runtime Environment (17.0.11) (build 17.0.11+0--11852314)
# Java VM: OpenJDK 64-Bit Server VM (17.0.11+0--11852314, mixed mode, tiered, compressed oops, compressed class ptrs, g1 gc, windows-amd64)
GC Precious Log:
 CPUs: 8 total, 8 available
 Memory: 16151M
 Large Page Support: Disabled
 NUMA Support: Disabled
 Compressed Oops: Enabled (32-bit)
 Heap Region Size: 1M
 Heap Min Capacity: 8M
 Heap Initial Capacity: 254M
 Heap Max Capacity: 2G
 Pre-touch: Disabled
 Parallel Workers: 8
 Concurrent Workers: 2
 Concurrent Refinement Workers: 8
 Periodic GC: Disabled
Heap:
 garbage-first heap   total 384000K, used 211557K [0x0000000080000000, 0x0000000100000000)
  region size 1024K, 3 young (3072K), 3 survivors (3072K)
 Metaspace       used 117957K, committed 118720K, reserved 1179648K
  class space    used 16010K, committed 16384K, reserved 1048576K
GC Heap History (20 events):
Event: 18.443 GC heap after
{Heap after GC invocations=40 (full 6):
 garbage-first heap   total 239616K, used 115305K [0x0000000080000000, 0x0000000100000000)
  region size 1024K, 5 young (5120K), 5 survivors (5120K)
 Metaspace       used 105718K, committed 106496K, reserved 1179648K
  class space    used 14606K, committed 14976K, reserved 1048576K
}
Event: 19.058 GC heap before
{Heap before GC invocations=41 (full 6):
 garbage-first heap   total 239616K, used 191081K [0x0000000080000000, 0x0000000100000000)
  region size 1024K, 72 young (73728K), 5 survivors (5120K)
 Metaspace       used 109691K, committed 110528K, reserved 1179648K
  class space    used 14983K, committed 15360K, reserved 1048576K
}
Event: 19.064 GC heap after
{Heap after GC invocations=42 (full 6):
 garbage-first heap   total 239616K, used 117811K [0x0000000080000000, 0x0000000100000000)
  region size 1024K, 7 young (7168K), 7 survivors (7168K)
 Metaspace       used 109691K, committed 110528K, reserved 1179648K
  class space    used 14983K, committed 15360K, reserved 1048576K
}
Event: 19.525 GC heap before
{Heap before GC invocations=42 (full 6):
 garbage-first heap   total 239616K, used 185395K [0x0000000080000000, 0x0000000100000000)
  region size 1024K, 74 young (75776K), 7 survivors (7168K)
 Metaspace       used 111440K, committed 112256K, reserved 1179648K
  class space    used 15175K, committed 15552K, reserved 1048576K
}
Event: 19.531 GC heap after
{Heap after GC invocations=43 (full 6):
 garbage-first heap   total 287744K, used 116144K [0x0000000080000000, 0x0000000100000000)
  region size 1024K, 4 young (4096K), 4 survivors (4096K)
 Metaspace       used 111440K, committed 112256K, reserved 1179648K
  class space    used 15175K, committed 15552K, reserved 1048576K
}
Event: 20.185 GC heap before
{Heap before GC invocations=44 (full 6):
 garbage-first heap   total 287744K, used 165296K [0x0000000080000000, 0x0000000100000000)
  region size 1024K, 53 young (54272K), 4 survivors (4096K)
 Metaspace       used 112659K, committed 113408K, reserved 1179648K
  class space    used 15308K, committed 15680K, reserved 1048576K
}
Event: 20.250 GC heap after
{Heap after GC invocations=45 (full 7):
 garbage-first heap   total 287744K, used 100249K [0x0000000080000000, 0x0000000100000000)
  region size 1024K, 0 young (0K), 0 survivors (0K)
 Metaspace       used 112659K, committed 113408K, reserved 1179648K
  class space    used 15308K, committed 15680K, reserved 1048576K
}
Event: 21.070 GC heap before
{Heap before GC invocations=45 (full 7):
 garbage-first heap   total 287744K, used 182169K [0x0000000080000000, 0x0000000100000000)
  region size 1024K, 82 young (83968K), 0 survivors (0K)
 Metaspace       used 113957K, committed 114816K, reserved 1179648K
  class space    used 15463K, committed 15872K, reserved 1048576K
}
Event: 21.074 GC heap after
{Heap after GC invocations=46 (full 7):
 garbage-first heap   total 287744K, used 104951K [0x0000000080000000, 0x0000000100000000)
  region size 1024K, 5 young (5120K), 5 survivors (5120K)
 Metaspace       used 113957K, committed 114816K, reserved 1179648K
  class space    used 15463K, committed 15872K, reserved 1048576K
}
Event: 21.817 GC heap before
{Heap before GC invocations=47 (full 7):
 garbage-first heap   total 287744K, used 269815K [0x0000000080000000, 0x0000000100000000)
  region size 1024K, 83 young (84992K), 5 survivors (5120K)
 Metaspace       used 117482K, committed 118336K, reserved 1179648K
  class space    used 15961K, committed 16384K, reserved 1048576K
}
Event: 21.825 GC heap after
{Heap after GC invocations=48 (full 7):
 garbage-first heap   total 295936K, used 171729K [0x0000000080000000, 0x0000000100000000)
  region size 1024K, 16 young (16384K), 16 survivors (16384K)
 Metaspace       used 117482K, committed 118336K, reserved 1179648K
  class space    used 15961K, committed 16384K, reserved 1048576K
}
Event: 21.829 GC heap before
{Heap before GC invocations=48 (full 7):
 garbage-first heap   total 295936K, used 177873K [0x0000000080000000, 0x0000000100000000)
  region size 1024K, 17 young (17408K), 16 survivors (16384K)
 Metaspace       used 117482K, committed 118336K, reserved 1179648K
  class space    used 15961K, committed 16384K, reserved 1048576K
}
Event: 21.836 GC heap after
{Heap after GC invocations=49 (full 7):
 garbage-first heap   total 295936K, used 173121K [0x0000000080000000, 0x0000000100000000)
  region size 1024K, 2 young (2048K), 2 survivors (2048K)
 Metaspace       used 117482K, committed 118336K, reserved 1179648K
  class space    used 15961K, committed 16384K, reserved 1048576K
}
Event: 22.292 GC heap before
{Heap before GC invocations=49 (full 7):
 garbage-first heap   total 295936K, used 239681K [0x0000000080000000, 0x0000000100000000)
  region size 1024K, 67 young (68608K), 2 survivors (2048K)
 Metaspace       used 117835K, committed 118656K, reserved 1179648K
  class space    used 16003K, committed 16384K, reserved 1048576K
}
Event: 22.310 GC heap after
{Heap after GC invocations=50 (full 7):
 garbage-first heap   total 295936K, used 193708K [0x0000000080000000, 0x0000000100000000)
  region size 1024K, 9 young (9216K), 9 survivors (9216K)
 Metaspace       used 117835K, committed 118656K, reserved 1179648K
  class space    used 16003K, committed 16384K, reserved 1048576K
}
Event: 22.327 GC heap before
{Heap before GC invocations=50 (full 7):
 garbage-first heap   total 295936K, used 196780K [0x0000000080000000, 0x0000000100000000)
  region size 1024K, 13 young (13312K), 9 survivors (9216K)
 Metaspace       used 117835K, committed 118656K, reserved 1179648K
  class space    used 16003K, committed 16384K, reserved 1048576K
}
Event: 22.337 GC heap after
{Heap after GC invocations=51 (full 7):
 garbage-first heap   total 295936K, used 196512K [0x0000000080000000, 0x0000000100000000)
  region size 1024K, 2 young (2048K), 2 survivors (2048K)
 Metaspace       used 117835K, committed 118656K, reserved 1179648K
  class space    used 16003K, committed 16384K, reserved 1048576K
}
Event: 22.573 GC heap before
{Heap before GC invocations=52 (full 7):
 garbage-first heap   total 384000K, used 239520K [0x0000000080000000, 0x0000000100000000)
  region size 1024K, 41 young (41984K), 2 survivors (2048K)
 Metaspace       used 117913K, committed 118720K, reserved 1179648K
  class space    used 16009K, committed 16384K, reserved 1048576K
}
Event: 22.584 GC heap after
{Heap after GC invocations=53 (full 7):
 garbage-first heap   total 384000K, used 207479K [0x0000000080000000, 0x0000000100000000)
  region size 1024K, 6 young (6144K), 6 survivors (6144K)
 Metaspace       used 117913K, committed 118720K, reserved 1179648K
  class space    used 16009K, committed 16384K, reserved 1048576K
}
Event: 22.647 GC heap before
{Heap before GC invocations=53 (full 7):
 garbage-first heap   total 384000K, used 220791K [0x0000000080000000, 0x0000000100000000)
  region size 1024K, 18 young (18432K), 6 survivors (6144K)
 Metaspace       used 117957K, committed 118720K, reserved 1179648K
  class space    used 16010K, committed 16384K, reserved 1048576K
}

